Determining if the function strlcat exists failed with the following output:
Change Dir: /home/yezhou/tls/CMakeFiles/CMakeTmp

Run Build Command:"/usr/bin/make" "cmTC_9ca07/fast"
/usr/bin/make -f CMakeFiles/cmTC_9ca07.dir/build.make CMakeFiles/cmTC_9ca07.dir/build
make[1]: Entering directory '/home/yezhou/tls/CMakeFiles/CMakeTmp'
Building C object CMakeFiles/cmTC_9ca07.dir/CheckFunctionExists.c.o
/usr/bin/cc   -O2 -Wall -DCHECK_FUNCTION_EXISTS=strlcat -fPIE   -o CMakeFiles/cmTC_9ca07.dir/CheckFunctionExists.c.o   -c /usr/share/cmake-3.10/Modules/CheckFunctionExists.c
Linking C executable cmTC_9ca07
/usr/bin/cmake -E cmake_link_script CMakeFiles/cmTC_9ca07.dir/link.txt --verbose=1
/usr/bin/cc  -O2 -Wall -DCHECK_FUNCTION_EXISTS=strlcat    -rdynamic CMakeFiles/cmTC_9ca07.dir/CheckFunctionExists.c.o  -o cmTC_9ca07 
CMakeFiles/cmTC_9ca07.dir/CheckFunctionExists.c.o: In function `main':
CheckFunctionExists.c:(.text.startup+0xc): undefined reference to `strlcat'
collect2: error: ld returned 1 exit status
CMakeFiles/cmTC_9ca07.dir/build.make:97: recipe for target 'cmTC_9ca07' failed
make[1]: *** [cmTC_9ca07] Error 1
make[1]: Leaving directory '/home/yezhou/tls/CMakeFiles/CMakeTmp'
Makefile:126: recipe for target 'cmTC_9ca07/fast' failed
make: *** [cmTC_9ca07/fast] Error 2


Determining if the function strlcpy exists failed with the following output:
Change Dir: /home/yezhou/tls/CMakeFiles/CMakeTmp

Run Build Command:"/usr/bin/make" "cmTC_78fd5/fast"
/usr/bin/make -f CMakeFiles/cmTC_78fd5.dir/build.make CMakeFiles/cmTC_78fd5.dir/build
make[1]: Entering directory '/home/yezhou/tls/CMakeFiles/CMakeTmp'
Building C object CMakeFiles/cmTC_78fd5.dir/CheckFunctionExists.c.o
/usr/bin/cc   -O2 -Wall -DCHECK_FUNCTION_EXISTS=strlcpy -fPIE   -o CMakeFiles/cmTC_78fd5.dir/CheckFunctionExists.c.o   -c /usr/share/cmake-3.10/Modules/CheckFunctionExists.c
Linking C executable cmTC_78fd5
/usr/bin/cmake -E cmake_link_script CMakeFiles/cmTC_78fd5.dir/link.txt --verbose=1
/usr/bin/cc  -O2 -Wall -DCHECK_FUNCTION_EXISTS=strlcpy    -rdynamic CMakeFiles/cmTC_78fd5.dir/CheckFunctionExists.c.o  -o cmTC_78fd5 
CMakeFiles/cmTC_78fd5.dir/CheckFunctionExists.c.o: In function `main':
CheckFunctionExists.c:(.text.startup+0xc): undefined reference to `strlcpy'
collect2: error: ld returned 1 exit status
CMakeFiles/cmTC_78fd5.dir/build.make:97: recipe for target 'cmTC_78fd5' failed
make[1]: *** [cmTC_78fd5] Error 1
make[1]: Leaving directory '/home/yezhou/tls/CMakeFiles/CMakeTmp'
Makefile:126: recipe for target 'cmTC_78fd5/fast' failed
make: *** [cmTC_78fd5/fast] Error 2


Determining if the function arc4random_buf exists failed with the following output:
Change Dir: /home/yezhou/tls/CMakeFiles/CMakeTmp

Run Build Command:"/usr/bin/make" "cmTC_81290/fast"
/usr/bin/make -f CMakeFiles/cmTC_81290.dir/build.make CMakeFiles/cmTC_81290.dir/build
make[1]: Entering directory '/home/yezhou/tls/CMakeFiles/CMakeTmp'
Building C object CMakeFiles/cmTC_81290.dir/CheckFunctionExists.c.o
/usr/bin/cc   -O2 -Wall -DCHECK_FUNCTION_EXISTS=arc4random_buf -fPIE   -o CMakeFiles/cmTC_81290.dir/CheckFunctionExists.c.o   -c /usr/share/cmake-3.10/Modules/CheckFunctionExists.c
Linking C executable cmTC_81290
/usr/bin/cmake -E cmake_link_script CMakeFiles/cmTC_81290.dir/link.txt --verbose=1
/usr/bin/cc  -O2 -Wall -DCHECK_FUNCTION_EXISTS=arc4random_buf    -rdynamic CMakeFiles/cmTC_81290.dir/CheckFunctionExists.c.o  -o cmTC_81290 
CMakeFiles/cmTC_81290.dir/CheckFunctionExists.c.o: In function `main':
CheckFunctionExists.c:(.text.startup+0xc): undefined reference to `arc4random_buf'
collect2: error: ld returned 1 exit status
CMakeFiles/cmTC_81290.dir/build.make:97: recipe for target 'cmTC_81290' failed
make[1]: *** [cmTC_81290] Error 1
make[1]: Leaving directory '/home/yezhou/tls/CMakeFiles/CMakeTmp'
Makefile:126: recipe for target 'cmTC_81290/fast' failed
make: *** [cmTC_81290/fast] Error 2


Determining if the function arc4random_uniform exists failed with the following output:
Change Dir: /home/yezhou/tls/CMakeFiles/CMakeTmp

Run Build Command:"/usr/bin/make" "cmTC_4aafa/fast"
/usr/bin/make -f CMakeFiles/cmTC_4aafa.dir/build.make CMakeFiles/cmTC_4aafa.dir/build
make[1]: Entering directory '/home/yezhou/tls/CMakeFiles/CMakeTmp'
Building C object CMakeFiles/cmTC_4aafa.dir/CheckFunctionExists.c.o
/usr/bin/cc   -O2 -Wall -DCHECK_FUNCTION_EXISTS=arc4random_uniform -fPIE   -o CMakeFiles/cmTC_4aafa.dir/CheckFunctionExists.c.o   -c /usr/share/cmake-3.10/Modules/CheckFunctionExists.c
Linking C executable cmTC_4aafa
/usr/bin/cmake -E cmake_link_script CMakeFiles/cmTC_4aafa.dir/link.txt --verbose=1
/usr/bin/cc  -O2 -Wall -DCHECK_FUNCTION_EXISTS=arc4random_uniform    -rdynamic CMakeFiles/cmTC_4aafa.dir/CheckFunctionExists.c.o  -o cmTC_4aafa 
CMakeFiles/cmTC_4aafa.dir/CheckFunctionExists.c.o: In function `main':
CheckFunctionExists.c:(.text.startup+0xc): undefined reference to `arc4random_uniform'
collect2: error: ld returned 1 exit status
CMakeFiles/cmTC_4aafa.dir/build.make:97: recipe for target 'cmTC_4aafa' failed
make[1]: *** [cmTC_4aafa] Error 1
make[1]: Leaving directory '/home/yezhou/tls/CMakeFiles/CMakeTmp'
Makefile:126: recipe for target 'cmTC_4aafa/fast' failed
make: *** [cmTC_4aafa/fast] Error 2


Determining if the function getprogname exists failed with the following output:
Change Dir: /home/yezhou/tls/CMakeFiles/CMakeTmp

Run Build Command:"/usr/bin/make" "cmTC_10aa5/fast"
/usr/bin/make -f CMakeFiles/cmTC_10aa5.dir/build.make CMakeFiles/cmTC_10aa5.dir/build
make[1]: Entering directory '/home/yezhou/tls/CMakeFiles/CMakeTmp'
Building C object CMakeFiles/cmTC_10aa5.dir/CheckFunctionExists.c.o
/usr/bin/cc   -O2 -Wall -DCHECK_FUNCTION_EXISTS=getprogname -fPIE   -o CMakeFiles/cmTC_10aa5.dir/CheckFunctionExists.c.o   -c /usr/share/cmake-3.10/Modules/CheckFunctionExists.c
Linking C executable cmTC_10aa5
/usr/bin/cmake -E cmake_link_script CMakeFiles/cmTC_10aa5.dir/link.txt --verbose=1
/usr/bin/cc  -O2 -Wall -DCHECK_FUNCTION_EXISTS=getprogname    -rdynamic CMakeFiles/cmTC_10aa5.dir/CheckFunctionExists.c.o  -o cmTC_10aa5 
CMakeFiles/cmTC_10aa5.dir/CheckFunctionExists.c.o: In function `main':
CheckFunctionExists.c:(.text.startup+0xc): undefined reference to `getprogname'
collect2: error: ld returned 1 exit status
CMakeFiles/cmTC_10aa5.dir/build.make:97: recipe for target 'cmTC_10aa5' failed
make[1]: *** [cmTC_10aa5] Error 1
make[1]: Leaving directory '/home/yezhou/tls/CMakeFiles/CMakeTmp'
Makefile:126: recipe for target 'cmTC_10aa5/fast' failed
make: *** [cmTC_10aa5/fast] Error 2


Determining if the function syslog_r exists failed with the following output:
Change Dir: /home/yezhou/tls/CMakeFiles/CMakeTmp

Run Build Command:"/usr/bin/make" "cmTC_0063e/fast"
/usr/bin/make -f CMakeFiles/cmTC_0063e.dir/build.make CMakeFiles/cmTC_0063e.dir/build
make[1]: Entering directory '/home/yezhou/tls/CMakeFiles/CMakeTmp'
Building C object CMakeFiles/cmTC_0063e.dir/CheckFunctionExists.c.o
/usr/bin/cc   -O2 -Wall -DCHECK_FUNCTION_EXISTS=syslog_r -fPIE   -o CMakeFiles/cmTC_0063e.dir/CheckFunctionExists.c.o   -c /usr/share/cmake-3.10/Modules/CheckFunctionExists.c
Linking C executable cmTC_0063e
/usr/bin/cmake -E cmake_link_script CMakeFiles/cmTC_0063e.dir/link.txt --verbose=1
/usr/bin/cc  -O2 -Wall -DCHECK_FUNCTION_EXISTS=syslog_r    -rdynamic CMakeFiles/cmTC_0063e.dir/CheckFunctionExists.c.o  -o cmTC_0063e 
CMakeFiles/cmTC_0063e.dir/CheckFunctionExists.c.o: In function `main':
CheckFunctionExists.c:(.text.startup+0xc): undefined reference to `syslog_r'
collect2: error: ld returned 1 exit status
CMakeFiles/cmTC_0063e.dir/build.make:97: recipe for target 'cmTC_0063e' failed
make[1]: *** [cmTC_0063e] Error 1
make[1]: Leaving directory '/home/yezhou/tls/CMakeFiles/CMakeTmp'
Makefile:126: recipe for target 'cmTC_0063e/fast' failed
make: *** [cmTC_0063e/fast] Error 2


Determining if the timespecsub exist failed with the following output:
Change Dir: /home/yezhou/tls/CMakeFiles/CMakeTmp

Run Build Command:"/usr/bin/make" "cmTC_bd47c/fast"
/usr/bin/make -f CMakeFiles/cmTC_bd47c.dir/build.make CMakeFiles/cmTC_bd47c.dir/build
make[1]: Entering directory '/home/yezhou/tls/CMakeFiles/CMakeTmp'
Building C object CMakeFiles/cmTC_bd47c.dir/CheckSymbolExists.c.o
/usr/bin/cc   -O2 -Wall  -fPIE   -o CMakeFiles/cmTC_bd47c.dir/CheckSymbolExists.c.o   -c /home/yezhou/tls/CMakeFiles/CMakeTmp/CheckSymbolExists.c
/home/yezhou/tls/CMakeFiles/CMakeTmp/CheckSymbolExists.c: In function ‘main’:
/home/yezhou/tls/CMakeFiles/CMakeTmp/CheckSymbolExists.c:8:19: error: ‘timespecsub’ undeclared (first use in this function); did you mean ‘timespec’?
   return ((int*)(&timespecsub))[argc];
                   ^~~~~~~~~~~
                   timespec
/home/yezhou/tls/CMakeFiles/CMakeTmp/CheckSymbolExists.c:8:19: note: each undeclared identifier is reported only once for each function it appears in
CMakeFiles/cmTC_bd47c.dir/build.make:65: recipe for target 'CMakeFiles/cmTC_bd47c.dir/CheckSymbolExists.c.o' failed
make[1]: *** [CMakeFiles/cmTC_bd47c.dir/CheckSymbolExists.c.o] Error 1
make[1]: Leaving directory '/home/yezhou/tls/CMakeFiles/CMakeTmp'
Makefile:126: recipe for target 'cmTC_bd47c/fast' failed
make: *** [cmTC_bd47c/fast] Error 2

File /home/yezhou/tls/CMakeFiles/CMakeTmp/CheckSymbolExists.c:
/* */
#include <sys/time.h>

int main(int argc, char** argv)
{
  (void)argv;
#ifndef timespecsub
  return ((int*)(&timespecsub))[argc];
#else
  (void)argc;
  return 0;
#endif
}

Determining if the function timingsafe_bcmp exists failed with the following output:
Change Dir: /home/yezhou/tls/CMakeFiles/CMakeTmp

Run Build Command:"/usr/bin/make" "cmTC_51744/fast"
/usr/bin/make -f CMakeFiles/cmTC_51744.dir/build.make CMakeFiles/cmTC_51744.dir/build
make[1]: Entering directory '/home/yezhou/tls/CMakeFiles/CMakeTmp'
Building C object CMakeFiles/cmTC_51744.dir/CheckFunctionExists.c.o
/usr/bin/cc   -O2 -Wall -DCHECK_FUNCTION_EXISTS=timingsafe_bcmp -fPIE   -o CMakeFiles/cmTC_51744.dir/CheckFunctionExists.c.o   -c /usr/share/cmake-3.10/Modules/CheckFunctionExists.c
Linking C executable cmTC_51744
/usr/bin/cmake -E cmake_link_script CMakeFiles/cmTC_51744.dir/link.txt --verbose=1
/usr/bin/cc  -O2 -Wall -DCHECK_FUNCTION_EXISTS=timingsafe_bcmp    -rdynamic CMakeFiles/cmTC_51744.dir/CheckFunctionExists.c.o  -o cmTC_51744 
CMakeFiles/cmTC_51744.dir/CheckFunctionExists.c.o: In function `main':
CheckFunctionExists.c:(.text.startup+0xc): undefined reference to `timingsafe_bcmp'
collect2: error: ld returned 1 exit status
CMakeFiles/cmTC_51744.dir/build.make:97: recipe for target 'cmTC_51744' failed
make[1]: *** [cmTC_51744] Error 1
make[1]: Leaving directory '/home/yezhou/tls/CMakeFiles/CMakeTmp'
Makefile:126: recipe for target 'cmTC_51744/fast' failed
make: *** [cmTC_51744/fast] Error 2


Determining if the function timingsafe_memcmp exists failed with the following output:
Change Dir: /home/yezhou/tls/CMakeFiles/CMakeTmp

Run Build Command:"/usr/bin/make" "cmTC_65542/fast"
/usr/bin/make -f CMakeFiles/cmTC_65542.dir/build.make CMakeFiles/cmTC_65542.dir/build
make[1]: Entering directory '/home/yezhou/tls/CMakeFiles/CMakeTmp'
Building C object CMakeFiles/cmTC_65542.dir/CheckFunctionExists.c.o
/usr/bin/cc   -O2 -Wall -DCHECK_FUNCTION_EXISTS=timingsafe_memcmp -fPIE   -o CMakeFiles/cmTC_65542.dir/CheckFunctionExists.c.o   -c /usr/share/cmake-3.10/Modules/CheckFunctionExists.c
Linking C executable cmTC_65542
/usr/bin/cmake -E cmake_link_script CMakeFiles/cmTC_65542.dir/link.txt --verbose=1
/usr/bin/cc  -O2 -Wall -DCHECK_FUNCTION_EXISTS=timingsafe_memcmp    -rdynamic CMakeFiles/cmTC_65542.dir/CheckFunctionExists.c.o  -o cmTC_65542 
CMakeFiles/cmTC_65542.dir/CheckFunctionExists.c.o: In function `main':
CheckFunctionExists.c:(.text.startup+0xc): undefined reference to `timingsafe_memcmp'
collect2: error: ld returned 1 exit status
CMakeFiles/cmTC_65542.dir/build.make:97: recipe for target 'cmTC_65542' failed
make[1]: *** [cmTC_65542] Error 1
make[1]: Leaving directory '/home/yezhou/tls/CMakeFiles/CMakeTmp'
Makefile:126: recipe for target 'cmTC_65542/fast' failed
make: *** [cmTC_65542/fast] Error 2


Determining if the function strtonum exists failed with the following output:
Change Dir: /home/yezhou/tls/CMakeFiles/CMakeTmp

Run Build Command:"/usr/bin/make" "cmTC_f8265/fast"
/usr/bin/make -f CMakeFiles/cmTC_f8265.dir/build.make CMakeFiles/cmTC_f8265.dir/build
make[1]: Entering directory '/home/yezhou/tls/CMakeFiles/CMakeTmp'
Building C object CMakeFiles/cmTC_f8265.dir/CheckFunctionExists.c.o
/usr/bin/cc   -O2 -Wall -DCHECK_FUNCTION_EXISTS=strtonum -fPIE   -o CMakeFiles/cmTC_f8265.dir/CheckFunctionExists.c.o   -c /usr/share/cmake-3.10/Modules/CheckFunctionExists.c
Linking C executable cmTC_f8265
/usr/bin/cmake -E cmake_link_script CMakeFiles/cmTC_f8265.dir/link.txt --verbose=1
/usr/bin/cc  -O2 -Wall -DCHECK_FUNCTION_EXISTS=strtonum    -rdynamic CMakeFiles/cmTC_f8265.dir/CheckFunctionExists.c.o  -o cmTC_f8265 
CMakeFiles/cmTC_f8265.dir/CheckFunctionExists.c.o: In function `main':
CheckFunctionExists.c:(.text.startup+0xc): undefined reference to `strtonum'
collect2: error: ld returned 1 exit status
CMakeFiles/cmTC_f8265.dir/build.make:97: recipe for target 'cmTC_f8265' failed
make[1]: *** [cmTC_f8265] Error 1
make[1]: Leaving directory '/home/yezhou/tls/CMakeFiles/CMakeTmp'
Makefile:126: recipe for target 'cmTC_f8265/fast' failed
make: *** [cmTC_f8265/fast] Error 2


Determining if the function b64_ntop exists failed with the following output:
Change Dir: /home/yezhou/tls/CMakeFiles/CMakeTmp

Run Build Command:"/usr/bin/make" "cmTC_1fa68/fast"
/usr/bin/make -f CMakeFiles/cmTC_1fa68.dir/build.make CMakeFiles/cmTC_1fa68.dir/build
make[1]: Entering directory '/home/yezhou/tls/CMakeFiles/CMakeTmp'
Building C object CMakeFiles/cmTC_1fa68.dir/CheckFunctionExists.c.o
/usr/bin/cc   -O2 -Wall -DCHECK_FUNCTION_EXISTS=b64_ntop -fPIE   -o CMakeFiles/cmTC_1fa68.dir/CheckFunctionExists.c.o   -c /usr/share/cmake-3.10/Modules/CheckFunctionExists.c
Linking C executable cmTC_1fa68
/usr/bin/cmake -E cmake_link_script CMakeFiles/cmTC_1fa68.dir/link.txt --verbose=1
/usr/bin/cc  -O2 -Wall -DCHECK_FUNCTION_EXISTS=b64_ntop    -rdynamic CMakeFiles/cmTC_1fa68.dir/CheckFunctionExists.c.o  -o cmTC_1fa68 
CMakeFiles/cmTC_1fa68.dir/CheckFunctionExists.c.o: In function `main':
CheckFunctionExists.c:(.text.startup+0xc): undefined reference to `b64_ntop'
collect2: error: ld returned 1 exit status
CMakeFiles/cmTC_1fa68.dir/build.make:97: recipe for target 'cmTC_1fa68' failed
make[1]: *** [cmTC_1fa68] Error 1
make[1]: Leaving directory '/home/yezhou/tls/CMakeFiles/CMakeTmp'
Makefile:126: recipe for target 'cmTC_1fa68/fast' failed
make: *** [cmTC_1fa68/fast] Error 2


Determining if the function readpassphrase exists failed with the following output:
Change Dir: /home/yezhou/tls/CMakeFiles/CMakeTmp

Run Build Command:"/usr/bin/make" "cmTC_30f29/fast"
/usr/bin/make -f CMakeFiles/cmTC_30f29.dir/build.make CMakeFiles/cmTC_30f29.dir/build
make[1]: Entering directory '/home/yezhou/tls/CMakeFiles/CMakeTmp'
Building C object CMakeFiles/cmTC_30f29.dir/CheckFunctionExists.c.o
/usr/bin/cc   -O2 -Wall -DCHECK_FUNCTION_EXISTS=readpassphrase -fPIE   -o CMakeFiles/cmTC_30f29.dir/CheckFunctionExists.c.o   -c /usr/share/cmake-3.10/Modules/CheckFunctionExists.c
Linking C executable cmTC_30f29
/usr/bin/cmake -E cmake_link_script CMakeFiles/cmTC_30f29.dir/link.txt --verbose=1
/usr/bin/cc  -O2 -Wall -DCHECK_FUNCTION_EXISTS=readpassphrase    -rdynamic CMakeFiles/cmTC_30f29.dir/CheckFunctionExists.c.o  -o cmTC_30f29 
CMakeFiles/cmTC_30f29.dir/CheckFunctionExists.c.o: In function `main':
CheckFunctionExists.c:(.text.startup+0xc): undefined reference to `readpassphrase'
collect2: error: ld returned 1 exit status
CMakeFiles/cmTC_30f29.dir/build.make:97: recipe for target 'cmTC_30f29' failed
make[1]: *** [cmTC_30f29] Error 1
make[1]: Leaving directory '/home/yezhou/tls/CMakeFiles/CMakeTmp'
Makefile:126: recipe for target 'cmTC_30f29/fast' failed
make: *** [cmTC_30f29/fast] Error 2


